<?xml version="1.0" encoding="UTF-8"?>
<Site BuildName="(empty)"
	BuildStamp="20240301-1435-Experimental"
	Name="(empty)"
	Generator="ctest-3.20.0"
	CompilerName=""
	CompilerVersion=""
	OSName="Windows"
	Hostname="DESKTOP-LJ5E9GS"
	OSRelease=" Professional"
	OSVersion=" (Build 19045)"
	OSPlatform="AMD64"
	Is64Bits="1"
	VendorString="GenuineIntel"
	VendorID="Intel Corporation"
	FamilyID="6"
	ModelID="12"
	ProcessorCacheSize="-1"
	NumberOfLogicalCPU="8"
	NumberOfPhysicalCPU="4"
	TotalVirtualMemory="13402"
	TotalPhysicalMemory="7971"
	LogicalProcessorsPerPhysical="2"
	ProcessorClockFrequency="2803"
	>
	<Testing>
		<StartDateTime>Mar 01 11:35 Hora oficial do Brasil</StartDateTime>
		<StartTestTime>1709303751</StartTestTime>
		<TestList/>
		<EndDateTime>Mar 01 11:35 Hora oficial do Brasil</EndDateTime>
		<EndTestTime>1709303751</EndTestTime>
		<ElapsedMinutes>0</ElapsedMinutes>
	</Testing>
</Site>
